<?xml version="1.0" encoding="UTF-8"?>
<coverage generated="1764377160569" clover="3.2.0">
  <project timestamp="1764377160569" name="All files">
    <metrics statements="160" coveredstatements="85" conditionals="71" coveredconditionals="42" methods="52" coveredmethods="24" elements="283" coveredelements="151" complexity="0" loc="160" ncloc="160" packages="4" files="6" classes="6"/>
    <package name="components.chat">
      <metrics statements="17" coveredstatements="17" conditionals="26" coveredconditionals="24" methods="6" coveredmethods="6"/>
      <file name="ChatInput.tsx" path="/Users/chico/Desktop/StyleFinder/stylefinder-front/src/components/chat/ChatInput.tsx">
        <metrics statements="17" coveredstatements="17" conditionals="26" coveredconditionals="24" methods="6" coveredmethods="6"/>
        <line num="16" count="1" type="stmt"/>
        <line num="30" count="16" type="stmt"/>
        <line num="31" count="16" type="stmt"/>
        <line num="34" count="16" type="stmt"/>
        <line num="35" count="16" type="cond" truecount="1" falsecount="1"/>
        <line num="36" count="16" type="stmt"/>
        <line num="37" count="16" type="stmt"/>
        <line num="42" count="16" type="stmt"/>
        <line num="43" count="2" type="cond" truecount="4" falsecount="0"/>
        <line num="44" count="1" type="stmt"/>
        <line num="45" count="1" type="stmt"/>
        <line num="92" count="1" type="stmt"/>
        <line num="103" count="32" type="stmt"/>
        <line num="104" count="32" type="cond" truecount="1" falsecount="1"/>
        <line num="105" count="32" type="cond" truecount="2" falsecount="0"/>
        <line num="108" count="1" type="stmt"/>
        <line num="152" count="1" type="stmt"/>
      </file>
    </package>
    <package name="context">
      <metrics statements="45" coveredstatements="5" conditionals="10" coveredconditionals="0" methods="12" coveredmethods="0"/>
      <file name="AuthContext.tsx" path="/Users/chico/Desktop/StyleFinder/stylefinder-front/src/context/AuthContext.tsx">
        <metrics statements="28" coveredstatements="3" conditionals="2" coveredconditionals="0" methods="7" coveredmethods="0"/>
        <line num="15" count="2" type="stmt"/>
        <line num="17" count="2" type="stmt"/>
        <line num="18" count="0" type="stmt"/>
        <line num="19" count="0" type="stmt"/>
        <line num="22" count="0" type="stmt"/>
        <line num="23" count="0" type="stmt"/>
        <line num="24" count="0" type="stmt"/>
        <line num="26" count="0" type="stmt"/>
        <line num="27" count="0" type="stmt"/>
        <line num="30" count="0" type="stmt"/>
        <line num="31" count="0" type="stmt"/>
        <line num="33" count="0" type="stmt"/>
        <line num="37" count="0" type="stmt"/>
        <line num="40" count="0" type="stmt"/>
        <line num="41" count="0" type="stmt"/>
        <line num="42" count="0" type="stmt"/>
        <line num="45" count="0" type="stmt"/>
        <line num="46" count="0" type="stmt"/>
        <line num="47" count="0" type="stmt"/>
        <line num="50" count="0" type="stmt"/>
        <line num="51" count="0" type="stmt"/>
        <line num="52" count="0" type="stmt"/>
        <line num="55" count="0" type="stmt"/>
        <line num="68" count="2" type="stmt"/>
        <line num="69" count="0" type="stmt"/>
        <line num="70" count="0" type="cond" truecount="0" falsecount="2"/>
        <line num="71" count="0" type="stmt"/>
        <line num="73" count="0" type="stmt"/>
      </file>
      <file name="ThemeContext.tsx" path="/Users/chico/Desktop/StyleFinder/stylefinder-front/src/context/ThemeContext.tsx">
        <metrics statements="17" coveredstatements="2" conditionals="8" coveredconditionals="0" methods="5" coveredmethods="0"/>
        <line num="16" count="2" type="stmt"/>
        <line num="23" count="0" type="stmt"/>
        <line num="24" count="0" type="cond" truecount="0" falsecount="2"/>
        <line num="27" count="0" type="stmt"/>
        <line num="28" count="0" type="stmt"/>
        <line num="30" count="0" type="stmt"/>
        <line num="32" count="0" type="cond" truecount="0" falsecount="2"/>
        <line num="33" count="0" type="stmt"/>
        <line num="35" count="0" type="stmt"/>
        <line num="39" count="0" type="stmt"/>
        <line num="42" count="0" type="stmt"/>
        <line num="43" count="0" type="stmt"/>
        <line num="55" count="2" type="stmt"/>
        <line num="56" count="0" type="stmt"/>
        <line num="58" count="0" type="cond" truecount="0" falsecount="2"/>
        <line num="59" count="0" type="stmt"/>
        <line num="61" count="0" type="stmt"/>
      </file>
    </package>
    <package name="pages">
      <metrics statements="72" coveredstatements="59" conditionals="24" coveredconditionals="17" methods="24" coveredmethods="18"/>
      <file name="ChatPage.tsx" path="/Users/chico/Desktop/StyleFinder/stylefinder-front/src/pages/ChatPage.tsx">
        <metrics statements="72" coveredstatements="59" conditionals="24" coveredconditionals="17" methods="24" coveredmethods="18"/>
        <line num="21" count="31" type="stmt"/>
        <line num="23" count="1" type="stmt"/>
        <line num="24" count="31" type="stmt"/>
        <line num="25" count="31" type="stmt"/>
        <line num="26" count="31" type="stmt"/>
        <line num="29" count="31" type="stmt"/>
        <line num="30" count="31" type="stmt"/>
        <line num="31" count="31" type="cond" truecount="1" falsecount="1"/>
        <line num="32" count="31" type="stmt"/>
        <line num="46" count="31" type="stmt"/>
        <line num="59" count="31" type="stmt"/>
        <line num="62" count="31" type="stmt"/>
        <line num="65" count="31" type="stmt"/>
        <line num="68" count="31" type="stmt"/>
        <line num="69" count="14" type="cond" truecount="1" falsecount="1"/>
        <line num="70" count="0" type="stmt"/>
        <line num="71" count="0" type="stmt"/>
        <line num="72" count="0" type="stmt"/>
        <line num="75" count="14" type="stmt"/>
        <line num="76" count="14" type="stmt"/>
        <line num="77" count="14" type="stmt"/>
        <line num="78" count="14" type="stmt"/>
        <line num="80" count="0" type="stmt"/>
        <line num="81" count="0" type="stmt"/>
        <line num="83" count="14" type="stmt"/>
        <line num="87" count="31" type="stmt"/>
        <line num="88" count="14" type="stmt"/>
        <line num="92" count="31" type="stmt"/>
        <line num="93" count="14" type="cond" truecount="2" falsecount="2"/>
        <line num="95" count="0" type="stmt"/>
        <line num="96" count="0" type="cond" truecount="0" falsecount="2"/>
        <line num="97" count="0" type="stmt"/>
        <line num="106" count="31" type="stmt"/>
        <line num="107" count="14" type="stmt"/>
        <line num="108" count="14" type="cond" truecount="2" falsecount="0"/>
        <line num="109" count="11" type="stmt"/>
        <line num="113" count="14" type="stmt"/>
        <line num="114" count="14" type="stmt"/>
        <line num="115" count="14" type="stmt"/>
        <line num="119" count="31" type="stmt"/>
        <line num="121" count="31" type="stmt"/>
        <line num="126" count="0" type="stmt"/>
        <line num="134" count="0" type="stmt"/>
        <line num="142" count="0" type="stmt"/>
        <line num="150" count="0" type="stmt"/>
        <line num="156" count="31" type="stmt"/>
        <line num="157" count="2" type="stmt"/>
        <line num="158" count="2" type="stmt"/>
        <line num="159" count="2" type="stmt"/>
        <line num="162" count="31" type="stmt"/>
        <line num="164" count="2" type="cond" truecount="1" falsecount="1"/>
        <line num="166" count="2" type="stmt"/>
        <line num="167" count="2" type="stmt"/>
        <line num="169" count="2" type="stmt"/>
        <line num="170" count="2" type="stmt"/>
        <line num="171" count="2" type="stmt"/>
        <line num="173" count="0" type="stmt"/>
        <line num="177" count="31" type="stmt"/>
        <line num="178" count="1" type="cond" truecount="2" falsecount="0"/>
        <line num="179" count="1" type="stmt"/>
        <line num="180" count="1" type="stmt"/>
        <line num="184" count="31" type="stmt"/>
        <line num="191" count="1" type="stmt"/>
        <line num="199" count="2" type="stmt"/>
        <line num="201" count="2" type="cond" truecount="2" falsecount="0"/>
        <line num="202" count="1" type="stmt"/>
        <line num="206" count="2" type="stmt"/>
        <line num="208" count="2" type="cond" truecount="2" falsecount="0"/>
        <line num="209" count="1" type="stmt"/>
        <line num="213" count="1" type="stmt"/>
        <line num="239" count="1" type="stmt"/>
        <line num="271" count="1" type="stmt"/>
      </file>
    </package>
    <package name="services">
      <metrics statements="26" coveredstatements="4" conditionals="11" coveredconditionals="1" methods="10" coveredmethods="0"/>
      <file name="api.ts" path="/Users/chico/Desktop/StyleFinder/stylefinder-front/src/services/api.ts">
        <metrics statements="8" coveredstatements="2" conditionals="9" coveredconditionals="1" methods="2" coveredmethods="0"/>
        <line num="5" count="2" type="stmt"/>
        <line num="15" count="2" type="stmt"/>
        <line num="16" count="0" type="stmt"/>
        <line num="18" count="0" type="cond" truecount="0" falsecount="2"/>
        <line num="20" count="0" type="stmt"/>
        <line num="21" count="0" type="cond" truecount="0" falsecount="5"/>
        <line num="22" count="0" type="stmt"/>
        <line num="25" count="0" type="stmt"/>
      </file>
      <file name="authService.ts" path="/Users/chico/Desktop/StyleFinder/stylefinder-front/src/services/authService.ts">
        <metrics statements="18" coveredstatements="2" conditionals="2" coveredconditionals="0" methods="8" coveredmethods="0"/>
        <line num="40" count="2" type="stmt"/>
        <line num="47" count="2" type="stmt"/>
        <line num="51" count="0" type="stmt"/>
        <line num="52" count="0" type="stmt"/>
        <line num="61" count="0" type="stmt"/>
        <line num="68" count="0" type="stmt"/>
        <line num="73" count="0" type="stmt"/>
        <line num="81" count="0" type="stmt"/>
        <line num="82" count="0" type="stmt"/>
        <line num="85" count="0" type="stmt"/>
        <line num="92" count="0" type="stmt"/>
        <line num="93" count="0" type="stmt"/>
        <line num="99" count="0" type="stmt"/>
        <line num="100" count="0" type="stmt"/>
        <line num="106" count="0" type="stmt"/>
        <line num="107" count="0" type="stmt"/>
        <line num="113" count="0" type="stmt"/>
        <line num="114" count="0" type="stmt"/>
      </file>
    </package>
  </project>
</coverage>
