{"/Users/chico/Desktop/StyleFinder/stylefinder-front/src/components/chat/ChatInput.tsx": {"path":"/Users/chico/Desktop/StyleFinder/stylefinder-front/src/components/chat/ChatInput.tsx","statementMap":{"0":{"start":{"line":16,"column":6},"end":{"line":149,"column":null}},"1":{"start":{"line":30,"column":10},"end":{"line":30,"column":null}},"2":{"start":{"line":31,"column":10},"end":{"line":31,"column":null}},"3":{"start":{"line":34,"column":4},"end":{"line":39,"column":null}},"4":{"start":{"line":35,"column":6},"end":{"line":38,"column":null}},"5":{"start":{"line":36,"column":8},"end":{"line":36,"column":null}},"6":{"start":{"line":37,"column":8},"end":{"line":37,"column":null}},"7":{"start":{"line":42,"column":26},"end":{"line":47,"column":null}},"8":{"start":{"line":43,"column":6},"end":{"line":46,"column":null}},"9":{"start":{"line":44,"column":8},"end":{"line":44,"column":null}},"10":{"start":{"line":45,"column":8},"end":{"line":45,"column":null}},"11":{"start":{"line":92,"column":29},"end":{"line":92,"column":null}},"12":{"start":{"line":103,"column":16},"end":{"line":103,"column":null}},"13":{"start":{"line":104,"column":16},"end":{"line":105,"column":null}},"14":{"start":{"line":104,"column":47},"end":{"line":104,"column":null}},"15":{"start":{"line":105,"column":21},"end":{"line":105,"column":null}},"16":{"start":{"line":105,"column":30},"end":{"line":105,"column":null}},"17":{"start":{"line":108,"column":31},"end":{"line":108,"column":null}},"18":{"start":{"line":152,"column":0},"end":{"line":152,"column":null}}},"fnMap":{"0":{"name":"(anonymous_0)","decl":{"start":{"line":17,"column":2},"end":{"line":17,"column":null}},"loc":{"start":{"line":28,"column":4},"end":{"line":149,"column":null}},"line":28},"1":{"name":"(anonymous_1)","decl":{"start":{"line":34,"column":14},"end":{"line":34,"column":null}},"loc":{"start":{"line":34,"column":14},"end":{"line":39,"column":7}},"line":34},"2":{"name":"(anonymous_2)","decl":{"start":{"line":42,"column":26},"end":{"line":42,"column":27}},"loc":{"start":{"line":42,"column":27},"end":{"line":47,"column":null}},"line":42},"3":{"name":"(anonymous_3)","decl":{"start":{"line":92,"column":23},"end":{"line":92,"column":29}},"loc":{"start":{"line":92,"column":29},"end":{"line":92,"column":null}},"line":92},"4":{"name":"(anonymous_4)","decl":{"start":{"line":102,"column":19},"end":{"line":102,"column":20}},"loc":{"start":{"line":102,"column":20},"end":{"line":106,"column":null}},"line":102},"5":{"name":"(anonymous_5)","decl":{"start":{"line":108,"column":24},"end":{"line":108,"column":25}},"loc":{"start":{"line":108,"column":31},"end":{"line":108,"column":null}},"line":108}},"branchMap":{"0":{"loc":{"start":{"line":35,"column":6},"end":{"line":38,"column":null}},"type":"if","locations":[{"start":{"line":35,"column":6},"end":{"line":38,"column":null}},{"start":{},"end":{}}],"line":35},"1":{"loc":{"start":{"line":43,"column":6},"end":{"line":46,"column":null}},"type":"if","locations":[{"start":{"line":43,"column":6},"end":{"line":46,"column":null}},{"start":{},"end":{}}],"line":43},"2":{"loc":{"start":{"line":43,"column":10},"end":{"line":43,"column":42}},"type":"binary-expr","locations":[{"start":{"line":43,"column":10},"end":{"line":43,"column":31}},{"start":{"line":43,"column":31},"end":{"line":43,"column":42}}],"line":43},"3":{"loc":{"start":{"line":104,"column":16},"end":{"line":105,"column":null}},"type":"if","locations":[{"start":{"line":104,"column":16},"end":{"line":105,"column":null}},{"start":{"line":105,"column":21},"end":{"line":105,"column":null}}],"line":104},"4":{"loc":{"start":{"line":105,"column":21},"end":{"line":105,"column":null}},"type":"if","locations":[{"start":{"line":105,"column":21},"end":{"line":105,"column":null}},{"start":{},"end":{}}],"line":105},"5":{"loc":{"start":{"line":119,"column":24},"end":{"line":119,"column":null}},"type":"binary-expr","locations":[{"start":{"line":119,"column":24},"end":{"line":119,"column":49}},{"start":{"line":119,"column":49},"end":{"line":119,"column":68}},{"start":{"line":119,"column":68},"end":{"line":119,"column":null}}],"line":119},"6":{"loc":{"start":{"line":122,"column":23},"end":{"line":122,"column":null}},"type":"cond-expr","locations":[{"start":{"line":122,"column":66},"end":{"line":122,"column":72}},{"start":{"line":122,"column":72},"end":{"line":122,"column":null}}],"line":122},"7":{"loc":{"start":{"line":122,"column":23},"end":{"line":122,"column":66}},"type":"binary-expr","locations":[{"start":{"line":122,"column":23},"end":{"line":122,"column":48}},{"start":{"line":122,"column":48},"end":{"line":122,"column":66}}],"line":122},"8":{"loc":{"start":{"line":123,"column":25},"end":{"line":123,"column":null}},"type":"cond-expr","locations":[{"start":{"line":123,"column":68},"end":{"line":123,"column":74}},{"start":{"line":123,"column":74},"end":{"line":123,"column":null}}],"line":123},"9":{"loc":{"start":{"line":123,"column":25},"end":{"line":123,"column":68}},"type":"binary-expr","locations":[{"start":{"line":123,"column":25},"end":{"line":123,"column":50}},{"start":{"line":123,"column":50},"end":{"line":123,"column":68}}],"line":123},"10":{"loc":{"start":{"line":127,"column":121},"end":{"line":129,"column":null}},"type":"cond-expr","locations":[{"start":{"line":128,"column":18},"end":{"line":128,"column":null}},{"start":{"line":129,"column":18},"end":{"line":129,"column":null}}],"line":127},"11":{"loc":{"start":{"line":127,"column":121},"end":{"line":127,"column":null}},"type":"binary-expr","locations":[{"start":{"line":127,"column":121},"end":{"line":127,"column":146}},{"start":{"line":127,"column":146},"end":{"line":127,"column":165}},{"start":{"line":127,"column":165},"end":{"line":127,"column":null}}],"line":127}},"s":{"0":1,"1":16,"2":16,"3":16,"4":16,"5":16,"6":16,"7":16,"8":2,"9":1,"10":1,"11":1,"12":32,"13":32,"14":0,"15":32,"16":2,"17":1,"18":1},"f":{"0":16,"1":16,"2":2,"3":1,"4":32,"5":1},"b":{"0":[16,0],"1":[1,1],"2":[2,2],"3":[0,32],"4":[2,30],"5":[16,10,7],"6":[9,7],"7":[16,10],"8":[9,7],"9":[16,10],"10":[10,6],"11":[16,10,7]},"meta":{"lastBranch":12,"lastFunction":6,"lastStatement":19,"seen":{"s:16:6:149:Infinity":0,"f:17:2:17:Infinity":0,"s:30:10:30:Infinity":1,"s:31:10:31:Infinity":2,"s:34:4:39:Infinity":3,"f:34:14:34:Infinity":1,"b:35:6:38:Infinity:undefined:undefined:undefined:undefined":0,"s:35:6:38:Infinity":4,"s:36:8:36:Infinity":5,"s:37:8:37:Infinity":6,"s:42:26:47:Infinity":7,"f:42:26:42:27":2,"b:43:6:46:Infinity:undefined:undefined:undefined:undefined":1,"s:43:6:46:Infinity":8,"b:43:10:43:31:43:31:43:42":2,"s:44:8:44:Infinity":9,"s:45:8:45:Infinity":10,"f:92:23:92:29":3,"s:92:29:92:Infinity":11,"f:102:19:102:20":4,"s:103:16:103:Infinity":12,"b:104:16:105:Infinity:105:21:105:Infinity":3,"s:104:16:105:Infinity":13,"s:104:47:104:Infinity":14,"b:105:21:105:Infinity:undefined:undefined:undefined:undefined":4,"s:105:21:105:Infinity":15,"s:105:30:105:Infinity":16,"f:108:24:108:25":5,"s:108:31:108:Infinity":17,"b:119:24:119:49:119:49:119:68:119:68:119:Infinity":5,"b:122:66:122:72:122:72:122:Infinity":6,"b:122:23:122:48:122:48:122:66":7,"b:123:68:123:74:123:74:123:Infinity":8,"b:123:25:123:50:123:50:123:68":9,"b:128:18:128:Infinity:129:18:129:Infinity":10,"b:127:121:127:146:127:146:127:165:127:165:127:Infinity":11,"s:152:0:152:Infinity":18}}}
,"/Users/chico/Desktop/StyleFinder/stylefinder-front/src/context/AuthContext.tsx": {"path":"/Users/chico/Desktop/StyleFinder/stylefinder-front/src/context/AuthContext.tsx","statementMap":{"0":{"start":{"line":15,"column":6},"end":{"line":15,"column":null}},"1":{"start":{"line":17,"column":28},"end":{"line":65,"column":null}},"2":{"start":{"line":18,"column":23},"end":{"line":18,"column":null}},"3":{"start":{"line":19,"column":33},"end":{"line":19,"column":null}},"4":{"start":{"line":22,"column":2},"end":{"line":38,"column":null}},"5":{"start":{"line":23,"column":22},"end":{"line":35,"column":null}},"6":{"start":{"line":24,"column":6},"end":{"line":34,"column":null}},"7":{"start":{"line":26,"column":25},"end":{"line":26,"column":null}},"8":{"start":{"line":27,"column":8},"end":{"line":27,"column":null}},"9":{"start":{"line":30,"column":8},"end":{"line":30,"column":null}},"10":{"start":{"line":31,"column":8},"end":{"line":31,"column":null}},"11":{"start":{"line":33,"column":8},"end":{"line":33,"column":null}},"12":{"start":{"line":37,"column":4},"end":{"line":37,"column":null}},"13":{"start":{"line":40,"column":16},"end":{"line":43,"column":null}},"14":{"start":{"line":41,"column":21},"end":{"line":41,"column":null}},"15":{"start":{"line":42,"column":4},"end":{"line":42,"column":null}},"16":{"start":{"line":45,"column":17},"end":{"line":48,"column":null}},"17":{"start":{"line":46,"column":21},"end":{"line":46,"column":null}},"18":{"start":{"line":47,"column":4},"end":{"line":47,"column":null}},"19":{"start":{"line":50,"column":17},"end":{"line":53,"column":null}},"20":{"start":{"line":51,"column":4},"end":{"line":51,"column":null}},"21":{"start":{"line":52,"column":4},"end":{"line":52,"column":null}},"22":{"start":{"line":55,"column":16},"end":{"line":62,"column":null}},"23":{"start":{"line":68,"column":23},"end":{"line":74,"column":null}},"24":{"start":{"line":69,"column":8},"end":{"line":69,"column":null}},"25":{"start":{"line":70,"column":2},"end":{"line":72,"column":null}},"26":{"start":{"line":71,"column":4},"end":{"line":71,"column":null}},"27":{"start":{"line":73,"column":2},"end":{"line":73,"column":null}}},"fnMap":{"0":{"name":"(anonymous_0)","decl":{"start":{"line":17,"column":28},"end":{"line":17,"column":29}},"loc":{"start":{"line":17,"column":66},"end":{"line":65,"column":null}},"line":17},"1":{"name":"(anonymous_1)","decl":{"start":{"line":22,"column":12},"end":{"line":22,"column":null}},"loc":{"start":{"line":22,"column":12},"end":{"line":38,"column":5}},"line":22},"2":{"name":"(anonymous_2)","decl":{"start":{"line":23,"column":22},"end":{"line":23,"column":null}},"loc":{"start":{"line":23,"column":22},"end":{"line":35,"column":null}},"line":23},"3":{"name":"(anonymous_3)","decl":{"start":{"line":40,"column":16},"end":{"line":40,"column":23}},"loc":{"start":{"line":40,"column":38},"end":{"line":43,"column":null}},"line":40},"4":{"name":"(anonymous_4)","decl":{"start":{"line":45,"column":17},"end":{"line":45,"column":24}},"loc":{"start":{"line":45,"column":53},"end":{"line":48,"column":null}},"line":45},"5":{"name":"(anonymous_5)","decl":{"start":{"line":50,"column":17},"end":{"line":50,"column":null}},"loc":{"start":{"line":50,"column":17},"end":{"line":53,"column":null}},"line":50},"6":{"name":"(anonymous_6)","decl":{"start":{"line":68,"column":23},"end":{"line":68,"column":null}},"loc":{"start":{"line":68,"column":23},"end":{"line":74,"column":null}},"line":68}},"branchMap":{"0":{"loc":{"start":{"line":70,"column":2},"end":{"line":72,"column":null}},"type":"if","locations":[{"start":{"line":70,"column":2},"end":{"line":72,"column":null}},{"start":{},"end":{}}],"line":70}},"s":{"0":2,"1":2,"2":0,"3":0,"4":0,"5":0,"6":0,"7":0,"8":0,"9":0,"10":0,"11":0,"12":0,"13":0,"14":0,"15":0,"16":0,"17":0,"18":0,"19":0,"20":0,"21":0,"22":0,"23":2,"24":0,"25":0,"26":0,"27":0},"f":{"0":0,"1":0,"2":0,"3":0,"4":0,"5":0,"6":0},"b":{"0":[0,0]},"meta":{"lastBranch":1,"lastFunction":7,"lastStatement":28,"seen":{"s:15:6:15:Infinity":0,"s:17:28:65:Infinity":1,"f:17:28:17:29":0,"s:18:23:18:Infinity":2,"s:19:33:19:Infinity":3,"s:22:2:38:Infinity":4,"f:22:12:22:Infinity":1,"s:23:22:35:Infinity":5,"f:23:22:23:Infinity":2,"s:24:6:34:Infinity":6,"s:26:25:26:Infinity":7,"s:27:8:27:Infinity":8,"s:30:8:30:Infinity":9,"s:31:8:31:Infinity":10,"s:33:8:33:Infinity":11,"s:37:4:37:Infinity":12,"s:40:16:43:Infinity":13,"f:40:16:40:23":3,"s:41:21:41:Infinity":14,"s:42:4:42:Infinity":15,"s:45:17:48:Infinity":16,"f:45:17:45:24":4,"s:46:21:46:Infinity":17,"s:47:4:47:Infinity":18,"s:50:17:53:Infinity":19,"f:50:17:50:Infinity":5,"s:51:4:51:Infinity":20,"s:52:4:52:Infinity":21,"s:55:16:62:Infinity":22,"s:68:23:74:Infinity":23,"f:68:23:68:Infinity":6,"s:69:8:69:Infinity":24,"b:70:2:72:Infinity:undefined:undefined:undefined:undefined":0,"s:70:2:72:Infinity":25,"s:71:4:71:Infinity":26,"s:73:2:73:Infinity":27}}}
,"/Users/chico/Desktop/StyleFinder/stylefinder-front/src/context/ThemeContext.tsx": {"path":"/Users/chico/Desktop/StyleFinder/stylefinder-front/src/context/ThemeContext.tsx","statementMap":{"0":{"start":{"line":16,"column":6},"end":{"line":16,"column":null}},"1":{"start":{"line":23,"column":27},"end":{"line":24,"column":null}},"2":{"start":{"line":24,"column":14},"end":{"line":24,"column":null}},"3":{"start":{"line":27,"column":4},"end":{"line":37,"column":null}},"4":{"start":{"line":28,"column":21},"end":{"line":28,"column":52}},"5":{"start":{"line":30,"column":8},"end":{"line":30,"column":null}},"6":{"start":{"line":32,"column":8},"end":{"line":36,"column":null}},"7":{"start":{"line":33,"column":12},"end":{"line":33,"column":null}},"8":{"start":{"line":35,"column":12},"end":{"line":35,"column":null}},"9":{"start":{"line":39,"column":18},"end":{"line":45,"column":null}},"10":{"start":{"line":42,"column":12},"end":{"line":42,"column":null}},"11":{"start":{"line":43,"column":12},"end":{"line":43,"column":null}},"12":{"start":{"line":55,"column":24},"end":{"line":62,"column":null}},"13":{"start":{"line":56,"column":10},"end":{"line":56,"column":null}},"14":{"start":{"line":58,"column":4},"end":{"line":59,"column":null}},"15":{"start":{"line":59,"column":8},"end":{"line":59,"column":null}},"16":{"start":{"line":61,"column":4},"end":{"line":61,"column":null}}},"fnMap":{"0":{"name":"ThemeProvider","decl":{"start":{"line":18,"column":16},"end":{"line":18,"column":30}},"loc":{"start":{"line":22,"column":21},"end":{"line":52,"column":null}},"line":22},"1":{"name":"(anonymous_1)","decl":{"start":{"line":24,"column":8},"end":{"line":24,"column":14}},"loc":{"start":{"line":24,"column":14},"end":{"line":24,"column":null}},"line":24},"2":{"name":"(anonymous_2)","decl":{"start":{"line":27,"column":14},"end":{"line":27,"column":null}},"loc":{"start":{"line":27,"column":14},"end":{"line":37,"column":7}},"line":27},"3":{"name":"(anonymous_3)","decl":{"start":{"line":41,"column":18},"end":{"line":41,"column":19}},"loc":{"start":{"line":41,"column":19},"end":{"line":44,"column":null}},"line":41},"4":{"name":"(anonymous_4)","decl":{"start":{"line":55,"column":24},"end":{"line":55,"column":null}},"loc":{"start":{"line":55,"column":24},"end":{"line":62,"column":null}},"line":55}},"branchMap":{"0":{"loc":{"start":{"line":20,"column":4},"end":{"line":20,"column":26}},"type":"default-arg","locations":[{"start":{"line":20,"column":19},"end":{"line":20,"column":26}}],"line":20},"1":{"loc":{"start":{"line":21,"column":4},"end":{"line":21,"column":32}},"type":"default-arg","locations":[{"start":{"line":21,"column":17},"end":{"line":21,"column":32}}],"line":21},"2":{"loc":{"start":{"line":24,"column":14},"end":{"line":24,"column":null}},"type":"binary-expr","locations":[{"start":{"line":24,"column":14},"end":{"line":24,"column":61}},{"start":{"line":24,"column":61},"end":{"line":24,"column":null}}],"line":24},"3":{"loc":{"start":{"line":32,"column":8},"end":{"line":36,"column":null}},"type":"if","locations":[{"start":{"line":32,"column":8},"end":{"line":36,"column":null}},{"start":{"line":34,"column":15},"end":{"line":36,"column":null}}],"line":32},"4":{"loc":{"start":{"line":58,"column":4},"end":{"line":59,"column":null}},"type":"if","locations":[{"start":{"line":58,"column":4},"end":{"line":59,"column":null}},{"start":{},"end":{}}],"line":58}},"s":{"0":2,"1":0,"2":0,"3":0,"4":0,"5":0,"6":0,"7":0,"8":0,"9":0,"10":0,"11":0,"12":2,"13":0,"14":0,"15":0,"16":0},"f":{"0":0,"1":0,"2":0,"3":0,"4":0},"b":{"0":[0],"1":[0],"2":[0,0],"3":[0,0],"4":[0,0]},"meta":{"lastBranch":5,"lastFunction":5,"lastStatement":17,"seen":{"s:16:6:16:Infinity":0,"f:18:16:18:30":0,"b:20:19:20:26":0,"b:21:17:21:32":1,"s:23:27:24:Infinity":1,"f:24:8:24:14":1,"s:24:14:24:Infinity":2,"b:24:14:24:61:24:61:24:Infinity":2,"s:27:4:37:Infinity":3,"f:27:14:27:Infinity":2,"s:28:21:28:52":4,"s:30:8:30:Infinity":5,"b:32:8:36:Infinity:34:15:36:Infinity":3,"s:32:8:36:Infinity":6,"s:33:12:33:Infinity":7,"s:35:12:35:Infinity":8,"s:39:18:45:Infinity":9,"f:41:18:41:19":3,"s:42:12:42:Infinity":10,"s:43:12:43:Infinity":11,"s:55:24:62:Infinity":12,"f:55:24:55:Infinity":4,"s:56:10:56:Infinity":13,"b:58:4:59:Infinity:undefined:undefined:undefined:undefined":4,"s:58:4:59:Infinity":14,"s:59:8:59:Infinity":15,"s:61:4:61:Infinity":16}}}
,"/Users/chico/Desktop/StyleFinder/stylefinder-front/src/pages/ChatPage.tsx": {"path":"/Users/chico/Desktop/StyleFinder/stylefinder-front/src/pages/ChatPage.tsx","statementMap":{"0":{"start":{"line":21,"column":2},"end":{"line":21,"column":null}},"1":{"start":{"line":23,"column":17},"end":{"line":293,"column":null}},"2":{"start":{"line":24,"column":39},"end":{"line":24,"column":null}},"3":{"start":{"line":25,"column":37},"end":{"line":25,"column":null}},"4":{"start":{"line":26,"column":31},"end":{"line":26,"column":null}},"5":{"start":{"line":29,"column":33},"end":{"line":29,"column":null}},"6":{"start":{"line":30,"column":21},"end":{"line":30,"column":null}},"7":{"start":{"line":31,"column":17},"end":{"line":31,"column":null}},"8":{"start":{"line":32,"column":2},"end":{"line":32,"column":null}},"9":{"start":{"line":46,"column":3},"end":{"line":46,"column":null}},"10":{"start":{"line":59,"column":3},"end":{"line":59,"column":null}},"11":{"start":{"line":62,"column":69},"end":{"line":62,"column":null}},"12":{"start":{"line":65,"column":41},"end":{"line":65,"column":null}},"13":{"start":{"line":68,"column":8},"end":{"line":85,"column":null}},"14":{"start":{"line":69,"column":4},"end":{"line":73,"column":null}},"15":{"start":{"line":70,"column":6},"end":{"line":70,"column":null}},"16":{"start":{"line":71,"column":6},"end":{"line":71,"column":null}},"17":{"start":{"line":72,"column":6},"end":{"line":72,"column":null}},"18":{"start":{"line":75,"column":4},"end":{"line":84,"column":null}},"19":{"start":{"line":76,"column":6},"end":{"line":76,"column":null}},"20":{"start":{"line":77,"column":22},"end":{"line":77,"column":null}},"21":{"start":{"line":78,"column":6},"end":{"line":78,"column":null}},"22":{"start":{"line":80,"column":6},"end":{"line":80,"column":null}},"23":{"start":{"line":81,"column":6},"end":{"line":81,"column":null}},"24":{"start":{"line":83,"column":6},"end":{"line":83,"column":null}},"25":{"start":{"line":87,"column":2},"end":{"line":89,"column":null}},"26":{"start":{"line":88,"column":4},"end":{"line":88,"column":null}},"27":{"start":{"line":92,"column":2},"end":{"line":103,"column":null}},"28":{"start":{"line":93,"column":4},"end":{"line":102,"column":null}},"29":{"start":{"line":95,"column":21},"end":{"line":95,"column":null}},"30":{"start":{"line":95,"column":48},"end":{"line":95,"column":null}},"31":{"start":{"line":96,"column":6},"end":{"line":101,"column":null}},"32":{"start":{"line":97,"column":8},"end":{"line":100,"column":null}},"33":{"start":{"line":97,"column":33},"end":{"line":100,"column":null}},"34":{"start":{"line":106,"column":2},"end":{"line":116,"column":null}},"35":{"start":{"line":107,"column":25},"end":{"line":111,"column":null}},"36":{"start":{"line":108,"column":6},"end":{"line":110,"column":null}},"37":{"start":{"line":109,"column":8},"end":{"line":109,"column":null}},"38":{"start":{"line":113,"column":4},"end":{"line":113,"column":20}},"39":{"start":{"line":114,"column":4},"end":{"line":114,"column":null}},"40":{"start":{"line":115,"column":4},"end":{"line":115,"column":null}},"41":{"start":{"line":115,"column":17},"end":{"line":115,"column":null}},"42":{"start":{"line":119,"column":8},"end":{"line":119,"column":null}},"43":{"start":{"line":121,"column":2},"end":{"line":154,"column":null}},"44":{"start":{"line":126,"column":8},"end":{"line":126,"column":null}},"45":{"start":{"line":134,"column":8},"end":{"line":134,"column":null}},"46":{"start":{"line":142,"column":8},"end":{"line":142,"column":null}},"47":{"start":{"line":150,"column":8},"end":{"line":150,"column":null}},"48":{"start":{"line":156,"column":24},"end":{"line":160,"column":null}},"49":{"start":{"line":157,"column":4},"end":{"line":157,"column":null}},"50":{"start":{"line":158,"column":4},"end":{"line":158,"column":null}},"51":{"start":{"line":159,"column":4},"end":{"line":159,"column":null}},"52":{"start":{"line":162,"column":27},"end":{"line":175,"column":null}},"53":{"start":{"line":164,"column":4},"end":{"line":164,"column":null}},"54":{"start":{"line":164,"column":34},"end":{"line":164,"column":null}},"55":{"start":{"line":166,"column":4},"end":{"line":166,"column":null}},"56":{"start":{"line":167,"column":4},"end":{"line":167,"column":null}},"57":{"start":{"line":169,"column":4},"end":{"line":174,"column":null}},"58":{"start":{"line":170,"column":6},"end":{"line":170,"column":null}},"59":{"start":{"line":171,"column":6},"end":{"line":171,"column":null}},"60":{"start":{"line":173,"column":6},"end":{"line":173,"column":null}},"61":{"start":{"line":177,"column":28},"end":{"line":182,"column":null}},"62":{"start":{"line":178,"column":4},"end":{"line":181,"column":null}},"63":{"start":{"line":179,"column":6},"end":{"line":179,"column":null}},"64":{"start":{"line":180,"column":6},"end":{"line":180,"column":null}},"65":{"start":{"line":184,"column":25},"end":{"line":184,"column":null}},"66":{"start":{"line":191,"column":23},"end":{"line":191,"column":null}},"67":{"start":{"line":199,"column":10},"end":{"line":199,"column":null}},"68":{"start":{"line":201,"column":10},"end":{"line":203,"column":null}},"69":{"start":{"line":202,"column":12},"end":{"line":202,"column":null}},"70":{"start":{"line":206,"column":10},"end":{"line":206,"column":null}},"71":{"start":{"line":208,"column":10},"end":{"line":210,"column":null}},"72":{"start":{"line":209,"column":12},"end":{"line":209,"column":null}},"73":{"start":{"line":213,"column":23},"end":{"line":213,"column":null}},"74":{"start":{"line":239,"column":49},"end":{"line":239,"column":null}},"75":{"start":{"line":271,"column":69},"end":{"line":271,"column":null}}},"fnMap":{"0":{"name":"beutifyUsername","decl":{"start":{"line":20,"column":9},"end":{"line":20,"column":25}},"loc":{"start":{"line":20,"column":37},"end":{"line":22,"column":null}},"line":20},"1":{"name":"(anonymous_1)","decl":{"start":{"line":23,"column":17},"end":{"line":23,"column":null}},"loc":{"start":{"line":23,"column":17},"end":{"line":293,"column":null}},"line":23},"2":{"name":"(anonymous_2)","decl":{"start":{"line":68,"column":38},"end":{"line":68,"column":null}},"loc":{"start":{"line":68,"column":38},"end":{"line":85,"column":5}},"line":68},"3":{"name":"(anonymous_3)","decl":{"start":{"line":87,"column":12},"end":{"line":87,"column":null}},"loc":{"start":{"line":87,"column":12},"end":{"line":89,"column":5}},"line":87},"4":{"name":"(anonymous_4)","decl":{"start":{"line":92,"column":12},"end":{"line":92,"column":null}},"loc":{"start":{"line":92,"column":12},"end":{"line":103,"column":5}},"line":92},"5":{"name":"(anonymous_5)","decl":{"start":{"line":95,"column":38},"end":{"line":95,"column":39}},"loc":{"start":{"line":95,"column":48},"end":{"line":95,"column":null}},"line":95},"6":{"name":"(anonymous_6)","decl":{"start":{"line":97,"column":23},"end":{"line":97,"column":24}},"loc":{"start":{"line":97,"column":33},"end":{"line":100,"column":null}},"line":97},"7":{"name":"(anonymous_7)","decl":{"start":{"line":106,"column":12},"end":{"line":106,"column":null}},"loc":{"start":{"line":106,"column":12},"end":{"line":116,"column":5}},"line":106},"8":{"name":"(anonymous_8)","decl":{"start":{"line":107,"column":25},"end":{"line":107,"column":null}},"loc":{"start":{"line":107,"column":25},"end":{"line":111,"column":null}},"line":107},"9":{"name":"(anonymous_9)","decl":{"start":{"line":115,"column":11},"end":{"line":115,"column":17}},"loc":{"start":{"line":115,"column":17},"end":{"line":115,"column":null}},"line":115},"10":{"name":"(anonymous_10)","decl":{"start":{"line":125,"column":14},"end":{"line":125,"column":null}},"loc":{"start":{"line":125,"column":14},"end":{"line":127,"column":null}},"line":125},"11":{"name":"(anonymous_11)","decl":{"start":{"line":133,"column":14},"end":{"line":133,"column":null}},"loc":{"start":{"line":133,"column":14},"end":{"line":135,"column":null}},"line":133},"12":{"name":"(anonymous_12)","decl":{"start":{"line":141,"column":14},"end":{"line":141,"column":null}},"loc":{"start":{"line":141,"column":14},"end":{"line":143,"column":null}},"line":141},"13":{"name":"(anonymous_13)","decl":{"start":{"line":149,"column":14},"end":{"line":149,"column":null}},"loc":{"start":{"line":149,"column":14},"end":{"line":151,"column":null}},"line":149},"14":{"name":"(anonymous_14)","decl":{"start":{"line":156,"column":24},"end":{"line":156,"column":null}},"loc":{"start":{"line":156,"column":24},"end":{"line":160,"column":null}},"line":156},"15":{"name":"(anonymous_15)","decl":{"start":{"line":162,"column":27},"end":{"line":162,"column":34}},"loc":{"start":{"line":162,"column":34},"end":{"line":175,"column":null}},"line":162},"16":{"name":"(anonymous_16)","decl":{"start":{"line":177,"column":28},"end":{"line":177,"column":null}},"loc":{"start":{"line":177,"column":28},"end":{"line":182,"column":null}},"line":177},"17":{"name":"(anonymous_17)","decl":{"start":{"line":178,"column":69},"end":{"line":178,"column":null}},"loc":{"start":{"line":178,"column":69},"end":{"line":181,"column":null}},"line":178},"18":{"name":"(anonymous_18)","decl":{"start":{"line":191,"column":17},"end":{"line":191,"column":23}},"loc":{"start":{"line":191,"column":23},"end":{"line":191,"column":null}},"line":191},"19":{"name":"(anonymous_19)","decl":{"start":{"line":198,"column":22},"end":{"line":198,"column":23}},"loc":{"start":{"line":198,"column":23},"end":{"line":204,"column":null}},"line":198},"20":{"name":"(anonymous_20)","decl":{"start":{"line":205,"column":19},"end":{"line":205,"column":null}},"loc":{"start":{"line":205,"column":19},"end":{"line":211,"column":null}},"line":205},"21":{"name":"(anonymous_21)","decl":{"start":{"line":213,"column":17},"end":{"line":213,"column":23}},"loc":{"start":{"line":213,"column":23},"end":{"line":213,"column":null}},"line":213},"22":{"name":"(anonymous_22)","decl":{"start":{"line":239,"column":33},"end":{"line":239,"column":34}},"loc":{"start":{"line":239,"column":49},"end":{"line":239,"column":null}},"line":239},"23":{"name":"(anonymous_23)","decl":{"start":{"line":271,"column":63},"end":{"line":271,"column":69}},"loc":{"start":{"line":271,"column":69},"end":{"line":271,"column":null}},"line":271}},"branchMap":{"0":{"loc":{"start":{"line":31,"column":17},"end":{"line":31,"column":null}},"type":"binary-expr","locations":[{"start":{"line":31,"column":17},"end":{"line":31,"column":31}},{"start":{"line":31,"column":31},"end":{"line":31,"column":null}}],"line":31},"1":{"loc":{"start":{"line":69,"column":4},"end":{"line":73,"column":null}},"type":"if","locations":[{"start":{"line":69,"column":4},"end":{"line":73,"column":null}},{"start":{},"end":{}}],"line":69},"2":{"loc":{"start":{"line":93,"column":4},"end":{"line":102,"column":null}},"type":"if","locations":[{"start":{"line":93,"column":4},"end":{"line":102,"column":null}},{"start":{},"end":{}}],"line":93},"3":{"loc":{"start":{"line":93,"column":8},"end":{"line":93,"column":43}},"type":"binary-expr","locations":[{"start":{"line":93,"column":8},"end":{"line":93,"column":25}},{"start":{"line":93,"column":25},"end":{"line":93,"column":43}}],"line":93},"4":{"loc":{"start":{"line":96,"column":6},"end":{"line":101,"column":null}},"type":"if","locations":[{"start":{"line":96,"column":6},"end":{"line":101,"column":null}},{"start":{},"end":{}}],"line":96},"5":{"loc":{"start":{"line":108,"column":6},"end":{"line":110,"column":null}},"type":"if","locations":[{"start":{"line":108,"column":6},"end":{"line":110,"column":null}},{"start":{},"end":{}}],"line":108},"6":{"loc":{"start":{"line":164,"column":4},"end":{"line":164,"column":null}},"type":"if","locations":[{"start":{"line":164,"column":4},"end":{"line":164,"column":null}},{"start":{},"end":{}}],"line":164},"7":{"loc":{"start":{"line":178,"column":30},"end":{"line":178,"column":58}},"type":"binary-expr","locations":[{"start":{"line":178,"column":30},"end":{"line":178,"column":47}},{"start":{"line":178,"column":47},"end":{"line":178,"column":58}}],"line":178},"8":{"loc":{"start":{"line":201,"column":10},"end":{"line":203,"column":null}},"type":"if","locations":[{"start":{"line":201,"column":10},"end":{"line":203,"column":null}},{"start":{},"end":{}}],"line":201},"9":{"loc":{"start":{"line":208,"column":10},"end":{"line":210,"column":null}},"type":"if","locations":[{"start":{"line":208,"column":10},"end":{"line":210,"column":null}},{"start":{},"end":{}}],"line":208},"10":{"loc":{"start":{"line":235,"column":11},"end":{"line":235,"column":null}},"type":"binary-expr","locations":[{"start":{"line":235,"column":11},"end":{"line":235,"column":29}},{"start":{"line":235,"column":29},"end":{"line":235,"column":null}}],"line":235},"11":{"loc":{"start":{"line":288,"column":11},"end":{"line":288,"column":null}},"type":"binary-expr","locations":[{"start":{"line":288,"column":11},"end":{"line":288,"column":34}},{"start":{"line":288,"column":34},"end":{"line":288,"column":null}}],"line":288}},"s":{"0":31,"1":1,"2":31,"3":31,"4":31,"5":31,"6":31,"7":31,"8":31,"9":31,"10":31,"11":31,"12":31,"13":31,"14":14,"15":0,"16":0,"17":0,"18":14,"19":14,"20":14,"21":14,"22":0,"23":0,"24":14,"25":31,"26":14,"27":31,"28":14,"29":0,"30":0,"31":0,"32":0,"33":0,"34":31,"35":14,"36":14,"37":11,"38":14,"39":14,"40":14,"41":14,"42":31,"43":31,"44":0,"45":0,"46":0,"47":0,"48":31,"49":2,"50":2,"51":2,"52":31,"53":2,"54":0,"55":2,"56":2,"57":2,"58":2,"59":2,"60":0,"61":31,"62":1,"63":1,"64":1,"65":31,"66":1,"67":2,"68":2,"69":1,"70":2,"71":2,"72":1,"73":1,"74":1,"75":1},"f":{"0":31,"1":31,"2":14,"3":14,"4":14,"5":0,"6":0,"7":14,"8":14,"9":14,"10":0,"11":0,"12":0,"13":0,"14":2,"15":2,"16":1,"17":1,"18":1,"19":2,"20":2,"21":1,"22":1,"23":1},"b":{"0":[31,0],"1":[0,14],"2":[0,14],"3":[14,0],"4":[0,0],"5":[11,3],"6":[0,2],"7":[1,1],"8":[1,1],"9":[1,1],"10":[31,27],"11":[31,4]},"meta":{"lastBranch":12,"lastFunction":24,"lastStatement":76,"seen":{"f:20:9:20:25":0,"s:21:2:21:Infinity":0,"s:23:17:293:Infinity":1,"f:23:17:23:Infinity":1,"s:24:39:24:Infinity":2,"s:25:37:25:Infinity":3,"s:26:31:26:Infinity":4,"s:29:33:29:Infinity":5,"s:30:21:30:Infinity":6,"s:31:17:31:Infinity":7,"b:31:17:31:31:31:31:31:Infinity":0,"s:32:2:32:Infinity":8,"s:46:3:46:Infinity":9,"s:59:3:59:Infinity":10,"s:62:69:62:Infinity":11,"s:65:41:65:Infinity":12,"s:68:8:85:Infinity":13,"f:68:38:68:Infinity":2,"b:69:4:73:Infinity:undefined:undefined:undefined:undefined":1,"s:69:4:73:Infinity":14,"s:70:6:70:Infinity":15,"s:71:6:71:Infinity":16,"s:72:6:72:Infinity":17,"s:75:4:84:Infinity":18,"s:76:6:76:Infinity":19,"s:77:22:77:Infinity":20,"s:78:6:78:Infinity":21,"s:80:6:80:Infinity":22,"s:81:6:81:Infinity":23,"s:83:6:83:Infinity":24,"s:87:2:89:Infinity":25,"f:87:12:87:Infinity":3,"s:88:4:88:Infinity":26,"s:92:2:103:Infinity":27,"f:92:12:92:Infinity":4,"b:93:4:102:Infinity:undefined:undefined:undefined:undefined":2,"s:93:4:102:Infinity":28,"b:93:8:93:25:93:25:93:43":3,"s:95:21:95:Infinity":29,"f:95:38:95:39":5,"s:95:48:95:Infinity":30,"b:96:6:101:Infinity:undefined:undefined:undefined:undefined":4,"s:96:6:101:Infinity":31,"s:97:8:100:Infinity":32,"f:97:23:97:24":6,"s:97:33:100:Infinity":33,"s:106:2:116:Infinity":34,"f:106:12:106:Infinity":7,"s:107:25:111:Infinity":35,"f:107:25:107:Infinity":8,"b:108:6:110:Infinity:undefined:undefined:undefined:undefined":5,"s:108:6:110:Infinity":36,"s:109:8:109:Infinity":37,"s:113:4:113:20":38,"s:114:4:114:Infinity":39,"s:115:4:115:Infinity":40,"f:115:11:115:17":9,"s:115:17:115:Infinity":41,"s:119:8:119:Infinity":42,"s:121:2:154:Infinity":43,"f:125:14:125:Infinity":10,"s:126:8:126:Infinity":44,"f:133:14:133:Infinity":11,"s:134:8:134:Infinity":45,"f:141:14:141:Infinity":12,"s:142:8:142:Infinity":46,"f:149:14:149:Infinity":13,"s:150:8:150:Infinity":47,"s:156:24:160:Infinity":48,"f:156:24:156:Infinity":14,"s:157:4:157:Infinity":49,"s:158:4:158:Infinity":50,"s:159:4:159:Infinity":51,"s:162:27:175:Infinity":52,"f:162:27:162:34":15,"b:164:4:164:Infinity:undefined:undefined:undefined:undefined":6,"s:164:4:164:Infinity":53,"s:164:34:164:Infinity":54,"s:166:4:166:Infinity":55,"s:167:4:167:Infinity":56,"s:169:4:174:Infinity":57,"s:170:6:170:Infinity":58,"s:171:6:171:Infinity":59,"s:173:6:173:Infinity":60,"s:177:28:182:Infinity":61,"f:177:28:177:Infinity":16,"s:178:4:181:Infinity":62,"b:178:30:178:47:178:47:178:58":7,"f:178:69:178:Infinity":17,"s:179:6:179:Infinity":63,"s:180:6:180:Infinity":64,"s:184:25:184:Infinity":65,"f:191:17:191:23":18,"s:191:23:191:Infinity":66,"f:198:22:198:23":19,"s:199:10:199:Infinity":67,"b:201:10:203:Infinity:undefined:undefined:undefined:undefined":8,"s:201:10:203:Infinity":68,"s:202:12:202:Infinity":69,"f:205:19:205:Infinity":20,"s:206:10:206:Infinity":70,"b:208:10:210:Infinity:undefined:undefined:undefined:undefined":9,"s:208:10:210:Infinity":71,"s:209:12:209:Infinity":72,"f:213:17:213:23":21,"s:213:23:213:Infinity":73,"b:235:11:235:29:235:29:235:Infinity":10,"f:239:33:239:34":22,"s:239:49:239:Infinity":74,"f:271:63:271:69":23,"s:271:69:271:Infinity":75,"b:288:11:288:34:288:34:288:Infinity":11}}}
,"/Users/chico/Desktop/StyleFinder/stylefinder-front/src/services/api.ts": {"path":"/Users/chico/Desktop/StyleFinder/stylefinder-front/src/services/api.ts","statementMap":{"0":{"start":{"line":5,"column":12},"end":{"line":12,"column":null}},"1":{"start":{"line":15,"column":0},"end":{"line":26,"column":null}},"2":{"start":{"line":16,"column":16},"end":{"line":16,"column":null}},"3":{"start":{"line":18,"column":4},"end":{"line":24,"column":null}},"4":{"start":{"line":20,"column":26},"end":{"line":20,"column":50}},"5":{"start":{"line":21,"column":6},"end":{"line":23,"column":null}},"6":{"start":{"line":22,"column":8},"end":{"line":22,"column":null}},"7":{"start":{"line":25,"column":4},"end":{"line":25,"column":null}}},"fnMap":{"0":{"name":"(anonymous_0)","decl":{"start":{"line":16,"column":2},"end":{"line":16,"column":3}},"loc":{"start":{"line":16,"column":16},"end":{"line":16,"column":null}},"line":16},"1":{"name":"(anonymous_1)","decl":{"start":{"line":17,"column":2},"end":{"line":17,"column":3}},"loc":{"start":{"line":17,"column":3},"end":{"line":26,"column":null}},"line":17}},"branchMap":{"0":{"loc":{"start":{"line":6,"column":11},"end":{"line":6,"column":null}},"type":"binary-expr","locations":[{"start":{"line":6,"column":11},"end":{"line":6,"column":44}},{"start":{"line":6,"column":48},"end":{"line":6,"column":null}}],"line":6},"1":{"loc":{"start":{"line":18,"column":4},"end":{"line":24,"column":null}},"type":"if","locations":[{"start":{"line":18,"column":4},"end":{"line":24,"column":null}},{"start":{},"end":{}}],"line":18},"2":{"loc":{"start":{"line":21,"column":6},"end":{"line":23,"column":null}},"type":"if","locations":[{"start":{"line":21,"column":6},"end":{"line":23,"column":null}},{"start":{},"end":{}}],"line":21},"3":{"loc":{"start":{"line":21,"column":10},"end":{"line":21,"column":88}},"type":"binary-expr","locations":[{"start":{"line":21,"column":10},"end":{"line":21,"column":38}},{"start":{"line":21,"column":38},"end":{"line":21,"column":67}},{"start":{"line":21,"column":67},"end":{"line":21,"column":88}}],"line":21}},"s":{"0":2,"1":2,"2":0,"3":0,"4":0,"5":0,"6":0,"7":0},"f":{"0":0,"1":0},"b":{"0":[2,0],"1":[0,0],"2":[0,0],"3":[0,0,0]},"meta":{"lastBranch":4,"lastFunction":2,"lastStatement":8,"seen":{"s:5:12:12:Infinity":0,"b:6:11:6:44:6:48:6:Infinity":0,"s:15:0:26:Infinity":1,"f:16:2:16:3":0,"s:16:16:16:Infinity":2,"f:17:2:17:3":1,"b:18:4:24:Infinity:undefined:undefined:undefined:undefined":1,"s:18:4:24:Infinity":3,"s:20:26:20:50":4,"b:21:6:23:Infinity:undefined:undefined:undefined:undefined":2,"s:21:6:23:Infinity":5,"b:21:10:21:38:21:38:21:67:21:67:21:88":3,"s:22:8:22:Infinity":6,"s:25:4:25:Infinity":7}}}
,"/Users/chico/Desktop/StyleFinder/stylefinder-front/src/services/authService.ts": {"path":"/Users/chico/Desktop/StyleFinder/stylefinder-front/src/services/authService.ts","statementMap":{"0":{"start":{"line":40,"column":22},"end":{"line":45,"column":null}},"1":{"start":{"line":40,"column":69},"end":{"line":45,"column":null}},"2":{"start":{"line":47,"column":27},"end":{"line":116,"column":null}},"3":{"start":{"line":51,"column":21},"end":{"line":51,"column":null}},"4":{"start":{"line":52,"column":4},"end":{"line":54,"column":null}},"5":{"start":{"line":61,"column":4},"end":{"line":65,"column":null}},"6":{"start":{"line":68,"column":26},"end":{"line":71,"column":null}},"7":{"start":{"line":73,"column":4},"end":{"line":75,"column":null}},"8":{"start":{"line":81,"column":4},"end":{"line":86,"column":null}},"9":{"start":{"line":82,"column":6},"end":{"line":82,"column":null}},"10":{"start":{"line":85,"column":6},"end":{"line":85,"column":null}},"11":{"start":{"line":92,"column":21},"end":{"line":92,"column":null}},"12":{"start":{"line":93,"column":4},"end":{"line":93,"column":null}},"13":{"start":{"line":99,"column":21},"end":{"line":99,"column":null}},"14":{"start":{"line":100,"column":4},"end":{"line":100,"column":null}},"15":{"start":{"line":106,"column":21},"end":{"line":106,"column":null}},"16":{"start":{"line":107,"column":4},"end":{"line":107,"column":null}},"17":{"start":{"line":113,"column":21},"end":{"line":113,"column":null}},"18":{"start":{"line":114,"column":4},"end":{"line":114,"column":null}}},"fnMap":{"0":{"name":"(anonymous_0)","decl":{"start":{"line":40,"column":22},"end":{"line":40,"column":23}},"loc":{"start":{"line":40,"column":69},"end":{"line":45,"column":null}},"line":40},"1":{"name":"(anonymous_1)","decl":{"start":{"line":50,"column":9},"end":{"line":50,"column":16}},"loc":{"start":{"line":50,"column":16},"end":{"line":55,"column":null}},"line":50},"2":{"name":"(anonymous_2)","decl":{"start":{"line":59,"column":10},"end":{"line":59,"column":17}},"loc":{"start":{"line":59,"column":17},"end":{"line":76,"column":null}},"line":59},"3":{"name":"(anonymous_3)","decl":{"start":{"line":80,"column":10},"end":{"line":80,"column":null}},"loc":{"start":{"line":80,"column":10},"end":{"line":87,"column":null}},"line":80},"4":{"name":"(anonymous_4)","decl":{"start":{"line":91,"column":18},"end":{"line":91,"column":null}},"loc":{"start":{"line":91,"column":18},"end":{"line":94,"column":null}},"line":91},"5":{"name":"(anonymous_5)","decl":{"start":{"line":98,"column":17},"end":{"line":98,"column":24}},"loc":{"start":{"line":98,"column":24},"end":{"line":101,"column":null}},"line":98},"6":{"name":"(anonymous_6)","decl":{"start":{"line":105,"column":18},"end":{"line":105,"column":25}},"loc":{"start":{"line":105,"column":25},"end":{"line":108,"column":null}},"line":105},"7":{"name":"(anonymous_7)","decl":{"start":{"line":112,"column":17},"end":{"line":112,"column":null}},"loc":{"start":{"line":112,"column":17},"end":{"line":115,"column":null}},"line":112}},"branchMap":{"0":{"loc":{"start":{"line":42,"column":8},"end":{"line":42,"column":59}},"type":"binary-expr","locations":[{"start":{"line":42,"column":8},"end":{"line":42,"column":24}},{"start":{"line":42,"column":28},"end":{"line":42,"column":59}}],"line":42}},"s":{"0":2,"1":0,"2":2,"3":0,"4":0,"5":0,"6":0,"7":0,"8":0,"9":0,"10":0,"11":0,"12":0,"13":0,"14":0,"15":0,"16":0,"17":0,"18":0},"f":{"0":0,"1":0,"2":0,"3":0,"4":0,"5":0,"6":0,"7":0},"b":{"0":[0,0]},"meta":{"lastBranch":1,"lastFunction":8,"lastStatement":19,"seen":{"s:40:22:45:Infinity":0,"f:40:22:40:23":0,"s:40:69:45:Infinity":1,"b:42:8:42:24:42:28:42:59":0,"s:47:27:116:Infinity":2,"f:50:9:50:16":1,"s:51:21:51:Infinity":3,"s:52:4:54:Infinity":4,"f:59:10:59:17":2,"s:61:4:65:Infinity":5,"s:68:26:71:Infinity":6,"s:73:4:75:Infinity":7,"f:80:10:80:Infinity":3,"s:81:4:86:Infinity":8,"s:82:6:82:Infinity":9,"s:85:6:85:Infinity":10,"f:91:18:91:Infinity":4,"s:92:21:92:Infinity":11,"s:93:4:93:Infinity":12,"f:98:17:98:24":5,"s:99:21:99:Infinity":13,"s:100:4:100:Infinity":14,"f:105:18:105:25":6,"s:106:21:106:Infinity":15,"s:107:4:107:Infinity":16,"f:112:17:112:Infinity":7,"s:113:21:113:Infinity":17,"s:114:4:114:Infinity":18}}}
}
